#
# A fatal error has been detected by the Java Runtime Environment:
#
#  EXCEPTION_ACCESS_VIOLATION (0xc0000005) at pc=0x00007ffb3b383be1, pid=5964, tid=16308
#
# JRE version: Java(TM) SE Runtime Environment (17.0.6+9) (build 17.0.6+9-LTS-190)
# Java VM: Java HotSpot(TM) 64-Bit Server VM (17.0.6+9-LTS-190, mixed mode, sharing, tiered, compressed oops, compressed class ptrs, g1 gc, windows-amd64)
# Problematic frame:
# V  [jvm.dll+0x363be1]
#
# No core dump will be written. Minidumps are not enabled by default on client versions of Windows
#
# If you would like to submit a bug report, please visit:
#   https://bugreport.java.com/bugreport/crash.jsp
#

---------------  S U M M A R Y ------------

Command Line: -Dfile.encoding=UTF-8 -XX:+ShowCodeDetailsInExceptionMessages com.br.msu.MsuApiApplication

Host: AMD Ryzen 7 2700X Eight-Core Processor         , 16 cores, 15G,  Windows 11 , 64 bit Build 22621 (10.0.22621.1344)
Time: Fri Mar 24 17:37:57 2023 Hora oficial do Brasil elapsed time: 1.187682 seconds (0d 0h 0m 1s)

---------------  T H R E A D  ---------------

Current thread (0x0000028946d450b0):  JavaThread "C2 CompilerThread2" daemon [_thread_in_native, id=16308, stack(0x000000b60ab00000,0x000000b60ac00000)]


Current CompileTask:
C2:   1187 1953       4       jdk.internal.org.objectweb.asm.Frame::execute (2305 bytes)

Stack: [0x000000b60ab00000,0x000000b60ac00000],  sp=0x000000b60abfbd90,  free space=1007k
Native frames: (J=compiled Java code, j=interpreted, Vv=VM code, C=native code)
V  [jvm.dll+0x363be1]
V  [jvm.dll+0x55dca6]
V  [jvm.dll+0x1b9880]
V  [jvm.dll+0x215f37]
V  [jvm.dll+0x215211]
V  [jvm.dll+0x1a1730]
V  [jvm.dll+0x224b6e]
V  [jvm.dll+0x222f15]
V  [jvm.dll+0x78753c]
V  [jvm.dll+0x781a7a]
V  [jvm.dll+0x672375]
C  [ucrtbase.dll+0x29363]
C  [KERNEL32.DLL+0x126bd]
C  [ntdll.dll+0x5a9f8]


siginfo: EXCEPTION_ACCESS_VIOLATION (0xc0000005), reading address 0xffffffffffffffff


Register to memory mapping:

RIP=0x00007ffb3b383be1 jvm.dll
RAX=0x000000b60abfec60 is pointing into the stack for thread: 0x0000028946d450b0
RBX=0x80007ffb3bb20628 is an unknown value
RCX=0x00000289471a6260 points into unknown readable memory: 0x00000289471a6240 | 40 62 1a 47 89 02 00 00
RDX=0x0000000000000004 is an unknown value
RSP=0x000000b60abfbd90 is pointing into the stack for thread: 0x0000028946d450b0
RBP=0x00000289472d24c0 points into unknown readable memory: 0x0000000000000000 | 00 00 00 00 00 00 00 00
RSI=0x0000000000000010 is an unknown value
RDI=0x0000028948b012d0 points into unknown readable memory: 0x0000000400000000 | 00 00 00 00 04 00 00 00
R8 =0x0 is NULL
R9 =0x000000b60abfbe30 is pointing into the stack for thread: 0x0000028946d450b0
R10=0x00007ffb3bb20628 jvm.dll
R11=0x000000b60abfbdc8 is pointing into the stack for thread: 0x0000028946d450b0
R12=0x0 is NULL
R13=0x0000028946874ef0 points into unknown readable memory: 0x0000028948add1e0 | e0 d1 ad 48 89 02 00 00
R14=0x0000000000000050 is an unknown value
R15=0x0000000000000020 is an unknown value


Registers:
RAX=0x000000b60abfec60, RBX=0x80007ffb3bb20628, RCX=0x00000289471a6260, RDX=0x0000000000000004
RSP=0x000000b60abfbd90, RBP=0x00000289472d24c0, RSI=0x0000000000000010, RDI=0x0000028948b012d0
R8 =0x0000000000000000, R9 =0x000000b60abfbe30, R10=0x00007ffb3bb20628, R11=0x000000b60abfbdc8
R12=0x0000000000000000, R13=0x0000028946874ef0, R14=0x0000000000000050, R15=0x0000000000000020
RIP=0x00007ffb3b383be1, EFLAGS=0x0000000000010202

Top of Stack: (sp=0x000000b60abfbd90)
0x000000b60abfbd90:   00000000000014e4 000000b60abfbfe0
0x000000b60abfbda0:   0000000000000001 00000289472dec48
0x000000b60abfbdb0:   0000028946d43d80 000000000000039b
0x000000b60abfbdc0:   000000b60abfbfe0 00007ffb3b57dca6
0x000000b60abfbdd0:   0000000000000002 000000000000039b
0x000000b60abfbde0:   0000028948b012d0 0000028946f34c70
0x000000b60abfbdf0:   00000289472d24e0 00000289472dec48
0x000000b60abfbe00:   0000000000000740 0000028946d43d80
0x000000b60abfbe10:   0000028946874ef0 0000000000278078
0x000000b60abfbe20:   0000028946876fa0 000002894687ced8
0x000000b60abfbe30:   0000028900000040 00000289468a69f8
0x000000b60abfbe40:   0000000000000040 0000028946d43d80
0x000000b60abfbe50:   000000000010cdb0 00000289464c1b50
0x000000b60abfbe60:   000000b60abfc400 00000000000003d8
0x000000b60abfbe70:   0000000000000001 0000000000000000
0x000000b60abfbe80:   00000289464c1b60 000000b60abfbfa0 

Instructions: (pc=0x00007ffb3b383be1)
0x00007ffb3b383ae1:   18 48 8b 88 d0 04 00 00 48 8b 99 80 00 00 00 48
0x00007ffb3b383af1:   8b 83 d0 08 00 00 48 85 c0 75 0c e8 ff 08 00 00
0x00007ffb3b383b01:   48 8b 83 d0 08 00 00 48 8b 08 0f 57 c0 48 89 8b
0x00007ffb3b383b11:   d0 08 00 00 0f 11 00 0f 11 40 10 48 83 c4 20 5b
0x00007ffb3b383b21:   c3 cc cc cc cc cc cc cc cc cc cc cc cc cc cc 48
0x00007ffb3b383b31:   89 5c 24 08 57 48 83 ec 20 8b da 48 8b f9 e8 6c
0x00007ffb3b383b41:   ff ff ff c1 eb 08 3b 5f 04 72 08 44 8d 43 01 44
0x00007ffb3b383b51:   89 47 04 48 8b 4f 08 48 89 04 d9 48 8b 5c 24 30
0x00007ffb3b383b61:   48 83 c4 20 5f c3 cc cc cc cc cc cc cc cc cc 48
0x00007ffb3b383b71:   89 5c 24 08 48 89 6c 24 10 48 89 74 24 18 57 41
0x00007ffb3b383b81:   56 41 57 48 83 ec 20 8b c2 48 8b f9 8b 15 a5 b0
0x00007ffb3b383b91:   7d 00 41 be 50 00 00 00 48 8d 34 c5 00 00 00 00
0x00007ffb3b383ba1:   48 8b 41 08 48 8b 1c 06 65 48 8b 04 25 58 00 00
0x00007ffb3b383bb1:   00 48 8b 2c d0 41 80 3c 2e 00 75 05 e8 aa a5 4c
0x00007ffb3b383bc1:   00 41 bf 20 00 00 00 49 8b 04 2f 48 8b 88 d0 04
0x00007ffb3b383bd1:   00 00 48 8b 81 80 00 00 00 48 8b 88 d0 08 00 00
0x00007ffb3b383be1:   48 89 0b 41 80 3c 2e 00 75 05 e8 7c a5 4c 00 49
0x00007ffb3b383bf1:   8b 04 2f 48 8b 6c 24 48 48 8b 88 d0 04 00 00 48
0x00007ffb3b383c01:   8b 81 80 00 00 00 48 8d 0d 1a ca 79 00 48 89 98
0x00007ffb3b383c11:   d0 08 00 00 48 8b 47 08 48 8b 5c 24 40 48 89 0c
0x00007ffb3b383c21:   06 48 8b 74 24 50 48 83 c4 20 41 5f 41 5e 5f c3
0x00007ffb3b383c31:   cc cc cc cc cc cc cc cc cc cc cc cc cc cc cc 48
0x00007ffb3b383c41:   89 5c 24 18 57 48 83 ec 20 81 c2 ff 00 00 00 33
0x00007ffb3b383c51:   db c1 ea 08 48 8b f9 48 89 19 89 91 90 00 00 00
0x00007ffb3b383c61:   83 fa 10 77 09 48 8d 41 10 e9 9e 00 00 00 65 48
0x00007ffb3b383c71:   8b 04 25 58 00 00 00 8b 0d ba af 7d 00 48 89 6c
0x00007ffb3b383c81:   24 30 48 89 74 24 38 48 8b 34 c8 b8 50 00 00 00
0x00007ffb3b383c91:   38 1c 30 75 05 e8 d1 a4 4c 00 8b af 90 00 00 00
0x00007ffb3b383ca1:   48 c1 e5 03 b8 20 00 00 00 48 8b 04 30 48 8b 88
0x00007ffb3b383cb1:   d0 04 00 00 48 8b 81 80 00 00 00 48 8b b0 c8 08
0x00007ffb3b383cc1:   00 00 48 8b c5 48 f7 d0 48 3b 46 18 73 12 4c 8d
0x00007ffb3b383cd1:   05 22 0c 55 00 48 8b d5 48 8b ce e8 6f 70 d4 ff 


Stack slot to memory mapping:
stack at sp + 0 slots: 0x00000000000014e4 is an unknown value
stack at sp + 1 slots: 0x000000b60abfbfe0 is pointing into the stack for thread: 0x0000028946d450b0
stack at sp + 2 slots: 0x0000000000000001 is an unknown value
stack at sp + 3 slots: 0x00000289472dec48 points into unknown readable memory: 0x0000000000000000 | 00 00 00 00 00 00 00 00
stack at sp + 4 slots: 0x0000028946d43d80 points into unknown readable memory: 0x6574706100000006 | 06 00 00 00 61 70 74 65
stack at sp + 5 slots: 0x000000000000039b is an unknown value
stack at sp + 6 slots: 0x000000b60abfbfe0 is pointing into the stack for thread: 0x0000028946d450b0
stack at sp + 7 slots: 0x00007ffb3b57dca6 jvm.dll


---------------  P R O C E S S  ---------------

Threads class SMR info:
_java_thread_list=0x0000028947529720, length=20, elements={
0x00000289201f94e0, 0x0000028945a57850, 0x0000028945a5a320, 0x000002894640c6a0,
0x000002894640cf60, 0x000002894640e830, 0x0000028946417100, 0x000002894641b1f0,
0x000002894641baf0, 0x0000028946424bc0, 0x0000028946537610, 0x0000028946544c30,
0x00000289465555c0, 0x0000028946565490, 0x00000289465d25b0, 0x0000028946d450b0,
0x0000028947911b20, 0x000002894747ac30, 0x0000028947805500, 0x00000289478040c0
}

Java Threads: ( => current thread )
  0x00000289201f94e0 JavaThread "main" [_thread_blocked, id=15848, stack(0x000000b609500000,0x000000b609600000)]
  0x0000028945a57850 JavaThread "Reference Handler" daemon [_thread_blocked, id=17376, stack(0x000000b609c00000,0x000000b609d00000)]
  0x0000028945a5a320 JavaThread "Finalizer" daemon [_thread_blocked, id=7008, stack(0x000000b609d00000,0x000000b609e00000)]
  0x000002894640c6a0 JavaThread "Signal Dispatcher" daemon [_thread_blocked, id=18056, stack(0x000000b609e00000,0x000000b609f00000)]
  0x000002894640cf60 JavaThread "Attach Listener" daemon [_thread_blocked, id=17888, stack(0x000000b609f00000,0x000000b60a000000)]
  0x000002894640e830 JavaThread "Service Thread" daemon [_thread_blocked, id=17640, stack(0x000000b60a000000,0x000000b60a100000)]
  0x0000028946417100 JavaThread "Monitor Deflation Thread" daemon [_thread_blocked, id=17204, stack(0x000000b60a100000,0x000000b60a200000)]
  0x000002894641b1f0 JavaThread "C2 CompilerThread0" daemon [_thread_in_vm, id=15780, stack(0x000000b60a200000,0x000000b60a300000)]
  0x000002894641baf0 JavaThread "C1 CompilerThread0" daemon [_thread_blocked, id=17692, stack(0x000000b60a300000,0x000000b60a400000)]
  0x0000028946424bc0 JavaThread "Sweeper thread" daemon [_thread_blocked, id=17624, stack(0x000000b60a400000,0x000000b60a500000)]
  0x0000028946537610 JavaThread "C1 CompilerThread1" daemon [_thread_blocked, id=17636, stack(0x000000b60a500000,0x000000b60a600000)]
  0x0000028946544c30 JavaThread "C1 CompilerThread2" daemon [_thread_blocked, id=17612, stack(0x000000b60a600000,0x000000b60a700000)]
  0x00000289465555c0 JavaThread "Notification Thread" daemon [_thread_blocked, id=16960, stack(0x000000b60a700000,0x000000b60a800000)]
  0x0000028946565490 JavaThread "Common-Cleaner" daemon [_thread_blocked, id=17460, stack(0x000000b60a900000,0x000000b60aa00000)]
  0x00000289465d25b0 JavaThread "C2 CompilerThread1" daemon [_thread_in_native, id=18080, stack(0x000000b60aa00000,0x000000b60ab00000)]
=>0x0000028946d450b0 JavaThread "C2 CompilerThread2" daemon [_thread_in_native, id=16308, stack(0x000000b60ab00000,0x000000b60ac00000)]
  0x0000028947911b20 JavaThread "Thread-0" [_thread_blocked, id=18012, stack(0x000000b60ac00000,0x000000b60ad00000)]
  0x000002894747ac30 JavaThread "restartedMain" [_thread_in_Java, id=15776, stack(0x000000b60ad00000,0x000000b60ae00000)]
  0x0000028947805500 JavaThread "C1 CompilerThread3" daemon [_thread_in_native, id=10696, stack(0x000000b60b400000,0x000000b60b500000)]
  0x00000289478040c0 JavaThread "C2 CompilerThread3" daemon [_thread_in_native, id=17836, stack(0x000000b60b300000,0x000000b60b400000)]

Other Threads:
  0x0000028945a50fb0 VMThread "VM Thread" [stack: 0x000000b609b00000,0x000000b609c00000] [id=8916]
  0x0000028920287e90 WatcherThread [stack: 0x000000b60a800000,0x000000b60a900000] [id=11660]
  0x0000028920266340 GCTaskThread "GC Thread#0" [stack: 0x000000b609600000,0x000000b609700000] [id=14596]
  0x0000028947412880 GCTaskThread "GC Thread#1" [stack: 0x000000b60ae00000,0x000000b60af00000] [id=14024]
  0x0000028947412070 GCTaskThread "GC Thread#2" [stack: 0x000000b60af00000,0x000000b60b000000] [id=17236]
  0x0000028947412320 GCTaskThread "GC Thread#3" [stack: 0x000000b60b000000,0x000000b60b100000] [id=18120]
  0x0000028947412b30 GCTaskThread "GC Thread#4" [stack: 0x000000b60b100000,0x000000b60b200000] [id=11136]
  0x0000028947412de0 GCTaskThread "GC Thread#5" [stack: 0x000000b60b200000,0x000000b60b300000] [id=12692]
  0x00000289474115b0 GCTaskThread "GC Thread#6" [stack: 0x000000b60b500000,0x000000b60b600000] [id=16788]
  0x0000028947411b10 GCTaskThread "GC Thread#7" [stack: 0x000000b60b600000,0x000000b60b700000] [id=18088]
  0x0000028947411860 GCTaskThread "GC Thread#8" [stack: 0x000000b60b700000,0x000000b60b800000] [id=16800]
  0x00000289202779d0 ConcurrentGCThread "G1 Main Marker" [stack: 0x000000b609700000,0x000000b609800000] [id=16992]
  0x00000289202782f0 ConcurrentGCThread "G1 Conc#0" [stack: 0x000000b609800000,0x000000b609900000] [id=10504]
  0x000002894590b8a0 ConcurrentGCThread "G1 Refine#0" [stack: 0x000000b609900000,0x000000b609a00000] [id=17564]
  0x000002894590e090 ConcurrentGCThread "G1 Service" [stack: 0x000000b609a00000,0x000000b609b00000] [id=17628]

Threads with active compile tasks:
C2 CompilerThread0     1229 2265 %     4       java.util.Properties::load0 @ 29 (249 bytes)
C1 CompilerThread0     1229 2300   !   3       sun.reflect.annotation.AnnotationParser::parseAnnotation2 (271 bytes)
C1 CompilerThread1     1229 2299       3       java.lang.reflect.Executable::equalParamTypes (36 bytes)
C1 CompilerThread2     1229 2301       3       java.util.HashSet::isEmpty (8 bytes)
C2 CompilerThread1     1229 2297       4       java.lang.invoke.MethodType::hashCode (53 bytes)
C2 CompilerThread2     1229 1953       4       jdk.internal.org.objectweb.asm.Frame::execute (2305 bytes)
C1 CompilerThread3     1229 2298       3       org.springframework.core.annotation.AnnotationTypeMapping::filledIntArray (11 bytes)
C2 CompilerThread3     1229 2264       4       java.util.Properties::loadConvert (540 bytes)

VM state: not at safepoint (normal execution)

VM Mutex/Monitor currently owned by a thread:  ([mutex/lock_event])
[0x00000289201f6160] Compile_lock - owner thread: 0x0000028946537610

Heap address: 0x0000000700c00000, size: 4084 MB, Compressed Oops mode: Zero based, Oop shift amount: 3

CDS archive(s) mapped at: [0x0000000800000000-0x0000000800bd0000-0x0000000800bd0000), size 12386304, SharedBaseAddress: 0x0000000800000000, ArchiveRelocationMode: 0.
Compressed class space mapped at: 0x0000000800c00000-0x0000000840c00000, reserved size: 1073741824
Narrow klass base: 0x0000000800000000, Narrow klass shift: 0, Narrow klass range: 0x100000000

GC Precious Log:
 CPUs: 16 total, 16 available
 Memory: 16332M
 Large Page Support: Disabled
 NUMA Support: Disabled
 Compressed Oops: Enabled (Zero based)
 Heap Region Size: 2M
 Heap Min Capacity: 8M
 Heap Initial Capacity: 256M
 Heap Max Capacity: 4084M
 Pre-touch: Disabled
 Parallel Workers: 13
 Concurrent Workers: 3
 Concurrent Refinement Workers: 13
 Periodic GC: Disabled

Heap:
 garbage-first heap   total 262144K, used 35173K [0x0000000700c00000, 0x0000000800000000)
  region size 2048K, 16 young (32768K), 2 survivors (4096K)
 Metaspace       used 16537K, committed 16768K, reserved 1064960K
  class space    used 1990K, committed 2112K, reserved 1048576K

Heap Regions: E=young(eden), S=young(survivor), O=old, HS=humongous(starts), HC=humongous(continues), CS=collection set, F=free, OA=open archive, CA=closed archive, TAMS=top-at-mark-start (previous, next)
|   0|0x0000000700c00000, 0x0000000700e00000, 0x0000000700e00000|100%| O|  |TAMS 0x0000000700c00000, 0x0000000700c00000| Untracked 
|   1|0x0000000700e00000, 0x0000000701000000, 0x0000000701000000|100%| O|  |TAMS 0x0000000700e00000, 0x0000000700e00000| Untracked 
|   2|0x0000000701000000, 0x0000000701200000, 0x0000000701200000|100%| O|  |TAMS 0x0000000701000000, 0x0000000701000000| Untracked 
|   3|0x0000000701200000, 0x0000000701234e00, 0x0000000701400000| 10%| O|  |TAMS 0x0000000701200000, 0x0000000701200000| Untracked 
|   4|0x0000000701400000, 0x0000000701400000, 0x0000000701600000|  0%| F|  |TAMS 0x0000000701400000, 0x0000000701400000| Untracked 
|   5|0x0000000701600000, 0x0000000701600000, 0x0000000701800000|  0%| F|  |TAMS 0x0000000701600000, 0x0000000701600000| Untracked 
|   6|0x0000000701800000, 0x0000000701800000, 0x0000000701a00000|  0%| F|  |TAMS 0x0000000701800000, 0x0000000701800000| Untracked 
|   7|0x0000000701a00000, 0x0000000701a00000, 0x0000000701c00000|  0%| F|  |TAMS 0x0000000701a00000, 0x0000000701a00000| Untracked 
|   8|0x0000000701c00000, 0x0000000701c00000, 0x0000000701e00000|  0%| F|  |TAMS 0x0000000701c00000, 0x0000000701c00000| Untracked 
|   9|0x0000000701e00000, 0x0000000701e00000, 0x0000000702000000|  0%| F|  |TAMS 0x0000000701e00000, 0x0000000701e00000| Untracked 
|  10|0x0000000702000000, 0x0000000702000000, 0x0000000702200000|  0%| F|  |TAMS 0x0000000702000000, 0x0000000702000000| Untracked 
|  11|0x0000000702200000, 0x0000000702200000, 0x0000000702400000|  0%| F|  |TAMS 0x0000000702200000, 0x0000000702200000| Untracked 
|  12|0x0000000702400000, 0x0000000702400000, 0x0000000702600000|  0%| F|  |TAMS 0x0000000702400000, 0x0000000702400000| Untracked 
|  13|0x0000000702600000, 0x0000000702600000, 0x0000000702800000|  0%| F|  |TAMS 0x0000000702600000, 0x0000000702600000| Untracked 
|  14|0x0000000702800000, 0x0000000702800000, 0x0000000702a00000|  0%| F|  |TAMS 0x0000000702800000, 0x0000000702800000| Untracked 
|  15|0x0000000702a00000, 0x0000000702a00000, 0x0000000702c00000|  0%| F|  |TAMS 0x0000000702a00000, 0x0000000702a00000| Untracked 
|  16|0x0000000702c00000, 0x0000000702c00000, 0x0000000702e00000|  0%| F|  |TAMS 0x0000000702c00000, 0x0000000702c00000| Untracked 
|  17|0x0000000702e00000, 0x0000000702e00000, 0x0000000703000000|  0%| F|  |TAMS 0x0000000702e00000, 0x0000000702e00000| Untracked 
|  18|0x0000000703000000, 0x0000000703000000, 0x0000000703200000|  0%| F|  |TAMS 0x0000000703000000, 0x0000000703000000| Untracked 
|  19|0x0000000703200000, 0x0000000703200000, 0x0000000703400000|  0%| F|  |TAMS 0x0000000703200000, 0x0000000703200000| Untracked 
|  20|0x0000000703400000, 0x0000000703400000, 0x0000000703600000|  0%| F|  |TAMS 0x0000000703400000, 0x0000000703400000| Untracked 
|  21|0x0000000703600000, 0x0000000703600000, 0x0000000703800000|  0%| F|  |TAMS 0x0000000703600000, 0x0000000703600000| Untracked 
|  22|0x0000000703800000, 0x0000000703800000, 0x0000000703a00000|  0%| F|  |TAMS 0x0000000703800000, 0x0000000703800000| Untracked 
|  23|0x0000000703a00000, 0x0000000703a00000, 0x0000000703c00000|  0%| F|  |TAMS 0x0000000703a00000, 0x0000000703a00000| Untracked 
|  24|0x0000000703c00000, 0x0000000703c00000, 0x0000000703e00000|  0%| F|  |TAMS 0x0000000703c00000, 0x0000000703c00000| Untracked 
|  25|0x0000000703e00000, 0x0000000703e00000, 0x0000000704000000|  0%| F|  |TAMS 0x0000000703e00000, 0x0000000703e00000| Untracked 
|  26|0x0000000704000000, 0x0000000704000000, 0x0000000704200000|  0%| F|  |TAMS 0x0000000704000000, 0x0000000704000000| Untracked 
|  27|0x0000000704200000, 0x0000000704200000, 0x0000000704400000|  0%| F|  |TAMS 0x0000000704200000, 0x0000000704200000| Untracked 
|  28|0x0000000704400000, 0x0000000704400000, 0x0000000704600000|  0%| F|  |TAMS 0x0000000704400000, 0x0000000704400000| Untracked 
|  29|0x0000000704600000, 0x0000000704600000, 0x0000000704800000|  0%| F|  |TAMS 0x0000000704600000, 0x0000000704600000| Untracked 
|  30|0x0000000704800000, 0x0000000704800000, 0x0000000704a00000|  0%| F|  |TAMS 0x0000000704800000, 0x0000000704800000| Untracked 
|  31|0x0000000704a00000, 0x0000000704a00000, 0x0000000704c00000|  0%| F|  |TAMS 0x0000000704a00000, 0x0000000704a00000| Untracked 
|  32|0x0000000704c00000, 0x0000000704c00000, 0x0000000704e00000|  0%| F|  |TAMS 0x0000000704c00000, 0x0000000704c00000| Untracked 
|  33|0x0000000704e00000, 0x0000000704e00000, 0x0000000705000000|  0%| F|  |TAMS 0x0000000704e00000, 0x0000000704e00000| Untracked 
|  34|0x0000000705000000, 0x0000000705000000, 0x0000000705200000|  0%| F|  |TAMS 0x0000000705000000, 0x0000000705000000| Untracked 
|  35|0x0000000705200000, 0x0000000705200000, 0x0000000705400000|  0%| F|  |TAMS 0x0000000705200000, 0x0000000705200000| Untracked 
|  36|0x0000000705400000, 0x0000000705400000, 0x0000000705600000|  0%| F|  |TAMS 0x0000000705400000, 0x0000000705400000| Untracked 
|  37|0x0000000705600000, 0x0000000705600000, 0x0000000705800000|  0%| F|  |TAMS 0x0000000705600000, 0x0000000705600000| Untracked 
|  38|0x0000000705800000, 0x0000000705800000, 0x0000000705a00000|  0%| F|  |TAMS 0x0000000705800000, 0x0000000705800000| Untracked 
|  39|0x0000000705a00000, 0x0000000705a00000, 0x0000000705c00000|  0%| F|  |TAMS 0x0000000705a00000, 0x0000000705a00000| Untracked 
|  40|0x0000000705c00000, 0x0000000705c00000, 0x0000000705e00000|  0%| F|  |TAMS 0x0000000705c00000, 0x0000000705c00000| Untracked 
|  41|0x0000000705e00000, 0x0000000705e00000, 0x0000000706000000|  0%| F|  |TAMS 0x0000000705e00000, 0x0000000705e00000| Untracked 
|  42|0x0000000706000000, 0x0000000706000000, 0x0000000706200000|  0%| F|  |TAMS 0x0000000706000000, 0x0000000706000000| Untracked 
|  43|0x0000000706200000, 0x0000000706200000, 0x0000000706400000|  0%| F|  |TAMS 0x0000000706200000, 0x0000000706200000| Untracked 
|  44|0x0000000706400000, 0x0000000706400000, 0x0000000706600000|  0%| F|  |TAMS 0x0000000706400000, 0x0000000706400000| Untracked 
|  45|0x0000000706600000, 0x0000000706600000, 0x0000000706800000|  0%| F|  |TAMS 0x0000000706600000, 0x0000000706600000| Untracked 
|  46|0x0000000706800000, 0x0000000706800000, 0x0000000706a00000|  0%| F|  |TAMS 0x0000000706800000, 0x0000000706800000| Untracked 
|  47|0x0000000706a00000, 0x0000000706a00000, 0x0000000706c00000|  0%| F|  |TAMS 0x0000000706a00000, 0x0000000706a00000| Untracked 
|  48|0x0000000706c00000, 0x0000000706c00000, 0x0000000706e00000|  0%| F|  |TAMS 0x0000000706c00000, 0x0000000706c00000| Untracked 
|  49|0x0000000706e00000, 0x0000000706e00000, 0x0000000707000000|  0%| F|  |TAMS 0x0000000706e00000, 0x0000000706e00000| Untracked 
|  50|0x0000000707000000, 0x0000000707000000, 0x0000000707200000|  0%| F|  |TAMS 0x0000000707000000, 0x0000000707000000| Untracked 
|  51|0x0000000707200000, 0x0000000707200000, 0x0000000707400000|  0%| F|  |TAMS 0x0000000707200000, 0x0000000707200000| Untracked 
|  52|0x0000000707400000, 0x0000000707400000, 0x0000000707600000|  0%| F|  |TAMS 0x0000000707400000, 0x0000000707400000| Untracked 
|  53|0x0000000707600000, 0x0000000707600000, 0x0000000707800000|  0%| F|  |TAMS 0x0000000707600000, 0x0000000707600000| Untracked 
|  54|0x0000000707800000, 0x0000000707800000, 0x0000000707a00000|  0%| F|  |TAMS 0x0000000707800000, 0x0000000707800000| Untracked 
|  55|0x0000000707a00000, 0x0000000707a00000, 0x0000000707c00000|  0%| F|  |TAMS 0x0000000707a00000, 0x0000000707a00000| Untracked 
|  56|0x0000000707c00000, 0x0000000707c00000, 0x0000000707e00000|  0%| F|  |TAMS 0x0000000707c00000, 0x0000000707c00000| Untracked 
|  57|0x0000000707e00000, 0x0000000707e00000, 0x0000000708000000|  0%| F|  |TAMS 0x0000000707e00000, 0x0000000707e00000| Untracked 
|  58|0x0000000708000000, 0x0000000708000000, 0x0000000708200000|  0%| F|  |TAMS 0x0000000708000000, 0x0000000708000000| Untracked 
|  59|0x0000000708200000, 0x0000000708200000, 0x0000000708400000|  0%| F|  |TAMS 0x0000000708200000, 0x0000000708200000| Untracked 
|  60|0x0000000708400000, 0x0000000708400000, 0x0000000708600000|  0%| F|  |TAMS 0x0000000708400000, 0x0000000708400000| Untracked 
|  61|0x0000000708600000, 0x0000000708600000, 0x0000000708800000|  0%| F|  |TAMS 0x0000000708600000, 0x0000000708600000| Untracked 
|  62|0x0000000708800000, 0x0000000708800000, 0x0000000708a00000|  0%| F|  |TAMS 0x0000000708800000, 0x0000000708800000| Untracked 
|  63|0x0000000708a00000, 0x0000000708a00000, 0x0000000708c00000|  0%| F|  |TAMS 0x0000000708a00000, 0x0000000708a00000| Untracked 
|  64|0x0000000708c00000, 0x0000000708c00000, 0x0000000708e00000|  0%| F|  |TAMS 0x0000000708c00000, 0x0000000708c00000| Untracked 
|  65|0x0000000708e00000, 0x0000000708e00000, 0x0000000709000000|  0%| F|  |TAMS 0x0000000708e00000, 0x0000000708e00000| Untracked 
|  66|0x0000000709000000, 0x0000000709000000, 0x0000000709200000|  0%| F|  |TAMS 0x0000000709000000, 0x0000000709000000| Untracked 
|  67|0x0000000709200000, 0x0000000709200000, 0x0000000709400000|  0%| F|  |TAMS 0x0000000709200000, 0x0000000709200000| Untracked 
|  68|0x0000000709400000, 0x0000000709400000, 0x0000000709600000|  0%| F|  |TAMS 0x0000000709400000, 0x0000000709400000| Untracked 
|  69|0x0000000709600000, 0x0000000709600000, 0x0000000709800000|  0%| F|  |TAMS 0x0000000709600000, 0x0000000709600000| Untracked 
|  70|0x0000000709800000, 0x0000000709800000, 0x0000000709a00000|  0%| F|  |TAMS 0x0000000709800000, 0x0000000709800000| Untracked 
|  71|0x0000000709a00000, 0x0000000709a00000, 0x0000000709c00000|  0%| F|  |TAMS 0x0000000709a00000, 0x0000000709a00000| Untracked 
|  72|0x0000000709c00000, 0x0000000709c00000, 0x0000000709e00000|  0%| F|  |TAMS 0x0000000709c00000, 0x0000000709c00000| Untracked 
|  73|0x0000000709e00000, 0x0000000709e00000, 0x000000070a000000|  0%| F|  |TAMS 0x0000000709e00000, 0x0000000709e00000| Untracked 
|  74|0x000000070a000000, 0x000000070a000000, 0x000000070a200000|  0%| F|  |TAMS 0x000000070a000000, 0x000000070a000000| Untracked 
|  75|0x000000070a200000, 0x000000070a200000, 0x000000070a400000|  0%| F|  |TAMS 0x000000070a200000, 0x000000070a200000| Untracked 
|  76|0x000000070a400000, 0x000000070a400000, 0x000000070a600000|  0%| F|  |TAMS 0x000000070a400000, 0x000000070a400000| Untracked 
|  77|0x000000070a600000, 0x000000070a600000, 0x000000070a800000|  0%| F|  |TAMS 0x000000070a600000, 0x000000070a600000| Untracked 
|  78|0x000000070a800000, 0x000000070a800000, 0x000000070aa00000|  0%| F|  |TAMS 0x000000070a800000, 0x000000070a800000| Untracked 
|  79|0x000000070aa00000, 0x000000070aa00000, 0x000000070ac00000|  0%| F|  |TAMS 0x000000070aa00000, 0x000000070aa00000| Untracked 
|  80|0x000000070ac00000, 0x000000070ac00000, 0x000000070ae00000|  0%| F|  |TAMS 0x000000070ac00000, 0x000000070ac00000| Untracked 
|  81|0x000000070ae00000, 0x000000070ae00000, 0x000000070b000000|  0%| F|  |TAMS 0x000000070ae00000, 0x000000070ae00000| Untracked 
|  82|0x000000070b000000, 0x000000070b000000, 0x000000070b200000|  0%| F|  |TAMS 0x000000070b000000, 0x000000070b000000| Untracked 
|  83|0x000000070b200000, 0x000000070b200000, 0x000000070b400000|  0%| F|  |TAMS 0x000000070b200000, 0x000000070b200000| Untracked 
|  84|0x000000070b400000, 0x000000070b400000, 0x000000070b600000|  0%| F|  |TAMS 0x000000070b400000, 0x000000070b400000| Untracked 
|  85|0x000000070b600000, 0x000000070b600000, 0x000000070b800000|  0%| F|  |TAMS 0x000000070b600000, 0x000000070b600000| Untracked 
|  86|0x000000070b800000, 0x000000070b800000, 0x000000070ba00000|  0%| F|  |TAMS 0x000000070b800000, 0x000000070b800000| Untracked 
|  87|0x000000070ba00000, 0x000000070ba00000, 0x000000070bc00000|  0%| F|  |TAMS 0x000000070ba00000, 0x000000070ba00000| Untracked 
|  88|0x000000070bc00000, 0x000000070bc00000, 0x000000070be00000|  0%| F|  |TAMS 0x000000070bc00000, 0x000000070bc00000| Untracked 
|  89|0x000000070be00000, 0x000000070be00000, 0x000000070c000000|  0%| F|  |TAMS 0x000000070be00000, 0x000000070be00000| Untracked 
|  90|0x000000070c000000, 0x000000070c000000, 0x000000070c200000|  0%| F|  |TAMS 0x000000070c000000, 0x000000070c000000| Untracked 
|  91|0x000000070c200000, 0x000000070c200000, 0x000000070c400000|  0%| F|  |TAMS 0x000000070c200000, 0x000000070c200000| Untracked 
|  92|0x000000070c400000, 0x000000070c400000, 0x000000070c600000|  0%| F|  |TAMS 0x000000070c400000, 0x000000070c400000| Untracked 
|  93|0x000000070c600000, 0x000000070c600000, 0x000000070c800000|  0%| F|  |TAMS 0x000000070c600000, 0x000000070c600000| Untracked 
|  94|0x000000070c800000, 0x000000070c800000, 0x000000070ca00000|  0%| F|  |TAMS 0x000000070c800000, 0x000000070c800000| Untracked 
|  95|0x000000070ca00000, 0x000000070ca00000, 0x000000070cc00000|  0%| F|  |TAMS 0x000000070ca00000, 0x000000070ca00000| Untracked 
|  96|0x000000070cc00000, 0x000000070cc00000, 0x000000070ce00000|  0%| F|  |TAMS 0x000000070cc00000, 0x000000070cc00000| Untracked 
|  97|0x000000070ce00000, 0x000000070ce00000, 0x000000070d000000|  0%| F|  |TAMS 0x000000070ce00000, 0x000000070ce00000| Untracked 
|  98|0x000000070d000000, 0x000000070d000000, 0x000000070d200000|  0%| F|  |TAMS 0x000000070d000000, 0x000000070d000000| Untracked 
|  99|0x000000070d200000, 0x000000070d200000, 0x000000070d400000|  0%| F|  |TAMS 0x000000070d200000, 0x000000070d200000| Untracked 
| 100|0x000000070d400000, 0x000000070d400000, 0x000000070d600000|  0%| F|  |TAMS 0x000000070d400000, 0x000000070d400000| Untracked 
| 101|0x000000070d600000, 0x000000070d600000, 0x000000070d800000|  0%| F|  |TAMS 0x000000070d600000, 0x000000070d600000| Untracked 
| 102|0x000000070d800000, 0x000000070d800000, 0x000000070da00000|  0%| F|  |TAMS 0x000000070d800000, 0x000000070d800000| Untracked 
| 103|0x000000070da00000, 0x000000070da00000, 0x000000070dc00000|  0%| F|  |TAMS 0x000000070da00000, 0x000000070da00000| Untracked 
| 104|0x000000070dc00000, 0x000000070dc00000, 0x000000070de00000|  0%| F|  |TAMS 0x000000070dc00000, 0x000000070dc00000| Untracked 
| 105|0x000000070de00000, 0x000000070de00000, 0x000000070e000000|  0%| F|  |TAMS 0x000000070de00000, 0x000000070de00000| Untracked 
| 106|0x000000070e000000, 0x000000070e000000, 0x000000070e200000|  0%| F|  |TAMS 0x000000070e000000, 0x000000070e000000| Untracked 
| 107|0x000000070e200000, 0x000000070e200000, 0x000000070e400000|  0%| F|  |TAMS 0x000000070e200000, 0x000000070e200000| Untracked 
| 108|0x000000070e400000, 0x000000070e400000, 0x000000070e600000|  0%| F|  |TAMS 0x000000070e400000, 0x000000070e400000| Untracked 
| 109|0x000000070e600000, 0x000000070e600000, 0x000000070e800000|  0%| F|  |TAMS 0x000000070e600000, 0x000000070e600000| Untracked 
| 110|0x000000070e800000, 0x000000070e800000, 0x000000070ea00000|  0%| F|  |TAMS 0x000000070e800000, 0x000000070e800000| Untracked 
| 111|0x000000070ea00000, 0x000000070ea247c0, 0x000000070ec00000|  7%| S|CS|TAMS 0x000000070ea00000, 0x000000070ea00000| Complete 
| 112|0x000000070ec00000, 0x000000070ee00000, 0x000000070ee00000|100%| S|CS|TAMS 0x000000070ec00000, 0x000000070ec00000| Complete 
| 113|0x000000070ee00000, 0x000000070ee00000, 0x000000070f000000|  0%| F|  |TAMS 0x000000070ee00000, 0x000000070ee00000| Untracked 
| 114|0x000000070f000000, 0x000000070f100800, 0x000000070f200000| 50%| E|  |TAMS 0x000000070f000000, 0x000000070f000000| Complete 
| 115|0x000000070f200000, 0x000000070f400000, 0x000000070f400000|100%| E|CS|TAMS 0x000000070f200000, 0x000000070f200000| Complete 
| 116|0x000000070f400000, 0x000000070f600000, 0x000000070f600000|100%| E|CS|TAMS 0x000000070f400000, 0x000000070f400000| Complete 
| 117|0x000000070f600000, 0x000000070f800000, 0x000000070f800000|100%| E|CS|TAMS 0x000000070f600000, 0x000000070f600000| Complete 
| 118|0x000000070f800000, 0x000000070fa00000, 0x000000070fa00000|100%| E|CS|TAMS 0x000000070f800000, 0x000000070f800000| Complete 
| 119|0x000000070fa00000, 0x000000070fc00000, 0x000000070fc00000|100%| E|CS|TAMS 0x000000070fa00000, 0x000000070fa00000| Complete 
| 120|0x000000070fc00000, 0x000000070fe00000, 0x000000070fe00000|100%| E|CS|TAMS 0x000000070fc00000, 0x000000070fc00000| Complete 
| 121|0x000000070fe00000, 0x0000000710000000, 0x0000000710000000|100%| E|CS|TAMS 0x000000070fe00000, 0x000000070fe00000| Complete 
| 122|0x0000000710000000, 0x0000000710200000, 0x0000000710200000|100%| E|CS|TAMS 0x0000000710000000, 0x0000000710000000| Complete 
| 123|0x0000000710200000, 0x0000000710400000, 0x0000000710400000|100%| E|CS|TAMS 0x0000000710200000, 0x0000000710200000| Complete 
| 124|0x0000000710400000, 0x0000000710600000, 0x0000000710600000|100%| E|CS|TAMS 0x0000000710400000, 0x0000000710400000| Complete 
| 125|0x0000000710600000, 0x0000000710800000, 0x0000000710800000|100%| E|CS|TAMS 0x0000000710600000, 0x0000000710600000| Complete 
| 126|0x0000000710800000, 0x0000000710a00000, 0x0000000710a00000|100%| E|CS|TAMS 0x0000000710800000, 0x0000000710800000| Complete 
| 127|0x0000000710a00000, 0x0000000710c00000, 0x0000000710c00000|100%| E|CS|TAMS 0x0000000710a00000, 0x0000000710a00000| Complete 

Card table byte_map: [0x0000028939a00000,0x000002893a200000] _byte_map_base: 0x00000289361fa000

Marking Bits (Prev, Next): (CMBitMap*) 0x0000028920266860, (CMBitMap*) 0x00000289202668a0
 Prev Bits: [0x000002893aa00000, 0x000002893e9d0000)
 Next Bits: [0x000002893e9d0000, 0x00000289429a0000)

Polling page: 0x00000289202c0000

Metaspace:

Usage:
  Non-class:     14.23 MB used.
      Class:      1.95 MB used.
       Both:     16.17 MB used.

Virtual space:
  Non-class space:       16.00 MB reserved,      14.38 MB ( 90%) committed,  2 nodes.
      Class space:        1.00 GB reserved,       2.06 MB ( <1%) committed,  1 nodes.
             Both:        1.02 GB reserved,      16.44 MB (  2%) committed. 

Chunk freelists:
   Non-Class:  1.48 MB
       Class:  1.91 MB
        Both:  3.39 MB

MaxMetaspaceSize: unlimited
CompressedClassSpaceSize: 1.00 GB
Initial GC threshold: 21.00 MB
Current GC threshold: 21.00 MB
CDS: on
MetaspaceReclaimPolicy: balanced
 - commit_granule_bytes: 65536.
 - commit_granule_words: 8192.
 - virtual_space_node_default_size: 1048576.
 - enlarge_chunks_in_place: 1.
 - new_chunks_are_fully_committed: 0.
 - uncommit_free_chunks: 1.
 - use_allocation_guard: 0.
 - handle_deallocations: 1.


Internal statistics:

num_allocs_failed_limit: 0.
num_arena_births: 176.
num_arena_deaths: 0.
num_vsnodes_births: 3.
num_vsnodes_deaths: 0.
num_space_committed: 263.
num_space_uncommitted: 0.
num_chunks_returned_to_freelist: 0.
num_chunks_taken_from_freelist: 692.
num_chunk_merges: 0.
num_chunk_splits: 493.
num_chunks_enlarged: 401.
num_purges: 0.
num_inconsistent_stats: 0.

CodeHeap 'non-profiled nmethods': size=119168Kb used=912Kb max_used=912Kb free=118255Kb
 bounds [0x0000028930de0000, 0x0000028931050000, 0x0000028938240000]
CodeHeap 'profiled nmethods': size=119104Kb used=4610Kb max_used=4610Kb free=114493Kb
 bounds [0x0000028929240000, 0x00000289296d0000, 0x0000028930690000]
CodeHeap 'non-nmethods': size=7488Kb used=2879Kb max_used=2923Kb free=4608Kb
 bounds [0x0000028930690000, 0x0000028930970000, 0x0000028930de0000]
 total_blobs=2781 nmethods=2295 adapters=395
 compilation: enabled
              stopped_count=0, restarted_count=0
 full_count=0

Compilation events (20 events):
Event: 1.143 Thread 0x000002894641baf0 2244       3       java.lang.Exception::<init> (7 bytes)
Event: 1.143 Thread 0x0000028946544c30 2246       3       java.lang.ClassNotFoundException::<init> (7 bytes)
Event: 1.143 Thread 0x000002894641baf0 nmethod 2244 0x000002892969e010 code [0x000002892969e1a0, 0x000002892969e2e8]
Event: 1.143 Thread 0x0000028946537610 nmethod 2243 0x000002892969e390 code [0x000002892969e540, 0x000002892969e6c8]
Event: 1.143 Thread 0x0000028947805500 nmethod 2245 0x000002892969e790 code [0x000002892969e960, 0x000002892969edc8]
Event: 1.143 Thread 0x0000028946544c30 nmethod 2246 0x000002892969ee90 code [0x000002892969f040, 0x000002892969f248]
Event: 1.147 Thread 0x0000028946537610 2248       3       java.util.Arrays$ArrayItr::<init> (10 bytes)
Event: 1.147 Thread 0x0000028946544c30 2247       3       java.util.Arrays$ArrayList::iterator (12 bytes)
Event: 1.147 Thread 0x0000028946537610 nmethod 2248 0x000002892969f390 code [0x000002892969f520, 0x000002892969f6d8]
Event: 1.147 Thread 0x0000028946544c30 nmethod 2247 0x000002892969f790 code [0x000002892969f940, 0x000002892969fbd8]
Event: 1.155 Thread 0x00000289478040c0 nmethod 2221% 0x0000028930eb2c90 code [0x0000028930eb2ea0, 0x0000028930eb3fe8]
Event: 1.155 Thread 0x00000289478040c0 2222 %     4       java.util.Properties::loadConvert @ 8 (540 bytes)
Event: 1.158 Thread 0x0000028946544c30 2249       3       java.lang.invoke.LambdaForm$MH/0x0000000800c2d800::invoke (148 bytes)
Event: 1.158 Thread 0x0000028946544c30 nmethod 2249 0x000002892969fd10 code [0x000002892969ff80, 0x00000289296a1128]
Event: 1.158 Thread 0x000002894641b1f0 nmethod 2238 0x0000028930eb4910 code [0x0000028930eb4be0, 0x0000028930eb63e8]
Event: 1.158 Thread 0x000002894641b1f0 2216       4       java.lang.Character::isWhitespace (5 bytes)
Event: 1.159 Thread 0x000002894641b1f0 nmethod 2216 0x0000028930eb7310 code [0x0000028930eb74a0, 0x0000028930eb7598]
Event: 1.159 Thread 0x000002894641b1f0 2220       4       java.lang.String::<init> (74 bytes)
Event: 1.163 Thread 0x000002894641b1f0 nmethod 2220 0x0000028930eb7710 code [0x0000028930eb78a0, 0x0000028930eb7cf8]
Event: 1.163 Thread 0x000002894641b1f0 2205       4       java.net.URLStreamHandler::setURL (73 bytes)

GC Heap History (4 events):
Event: 0.469 GC heap before
{Heap before GC invocations=0 (full 0):
 garbage-first heap   total 262144K, used 20480K [0x0000000700c00000, 0x0000000800000000)
  region size 2048K, 11 young (22528K), 0 survivors (0K)
 Metaspace       used 4520K, committed 4672K, reserved 1056768K
  class space    used 502K, committed 576K, reserved 1048576K
}
Event: 0.472 GC heap after
{Heap after GC invocations=1 (full 0):
 garbage-first heap   total 262144K, used 6391K [0x0000000700c00000, 0x0000000800000000)
  region size 2048K, 2 young (4096K), 2 survivors (4096K)
 Metaspace       used 4520K, committed 4672K, reserved 1056768K
  class space    used 502K, committed 576K, reserved 1048576K
}
Event: 0.854 GC heap before
{Heap before GC invocations=1 (full 0):
 garbage-first heap   total 262144K, used 30967K [0x0000000700c00000, 0x0000000800000000)
  region size 2048K, 15 young (30720K), 2 survivors (4096K)
 Metaspace       used 11161K, committed 11328K, reserved 1064960K
  class space    used 1327K, committed 1408K, reserved 1048576K
}
Event: 0.858 GC heap after
{Heap after GC invocations=2 (full 0):
 garbage-first heap   total 262144K, used 8549K [0x0000000700c00000, 0x0000000800000000)
  region size 2048K, 2 young (4096K), 2 survivors (4096K)
 Metaspace       used 11161K, committed 11328K, reserved 1064960K
  class space    used 1327K, committed 1408K, reserved 1048576K
}

Deoptimization events (20 events):
Event: 1.020 Thread 0x000002894747ac30 Uncommon trap: trap_request=0xffffff45 fr.pc=0x0000028930e8ed44 relative=0x0000000000000224
Event: 1.020 Thread 0x000002894747ac30 Uncommon trap: reason=unstable_if action=reinterpret pc=0x0000028930e8ed44 method=java.util.StringTokenizer.scanToken(I)I @ 42 c2
Event: 1.020 Thread 0x000002894747ac30 DEOPT PACKING pc=0x0000028930e8ed44 sp=0x000000b60adfd100
Event: 1.020 Thread 0x000002894747ac30 DEOPT UNPACKING pc=0x00000289306e23a3 sp=0x000000b60adfd090 mode 2
Event: 1.059 Thread 0x000002894747ac30 Uncommon trap: trap_request=0xffffff45 fr.pc=0x0000028930e94f34 relative=0x0000000000000114
Event: 1.059 Thread 0x000002894747ac30 Uncommon trap: reason=unstable_if action=reinterpret pc=0x0000028930e94f34 method=java.util.Arrays.equals([Ljava/lang/Object;[Ljava/lang/Object;)Z @ 44 c2
Event: 1.059 Thread 0x000002894747ac30 DEOPT PACKING pc=0x0000028930e94f34 sp=0x000000b60adfcd20
Event: 1.059 Thread 0x000002894747ac30 DEOPT UNPACKING pc=0x00000289306e23a3 sp=0x000000b60adfccc0 mode 2
Event: 1.062 Thread 0x000002894747ac30 Uncommon trap: trap_request=0xffffff45 fr.pc=0x0000028930e6ce1c relative=0x0000000000000fbc
Event: 1.062 Thread 0x000002894747ac30 Uncommon trap: reason=unstable_if action=reinterpret pc=0x0000028930e6ce1c method=jdk.internal.org.objectweb.asm.SymbolTable.put(Ljdk/internal/org/objectweb/asm/SymbolTable$Entry;)Ljdk/internal/org/objectweb/asm/SymbolTable$Entry; @ 13 c2
Event: 1.062 Thread 0x000002894747ac30 DEOPT PACKING pc=0x0000028930e6ce1c sp=0x000000b60adfc360
Event: 1.062 Thread 0x000002894747ac30 DEOPT UNPACKING pc=0x00000289306e23a3 sp=0x000000b60adfc2b8 mode 2
Event: 1.074 Thread 0x000002894747ac30 Uncommon trap: trap_request=0xffffffc6 fr.pc=0x0000028930e98afc relative=0x0000000000001a5c
Event: 1.074 Thread 0x000002894747ac30 Uncommon trap: reason=bimorphic_or_optimized_type_check action=maybe_recompile pc=0x0000028930e98afc method=java.util.HashMap.putVal(ILjava/lang/Object;Ljava/lang/Object;ZZ)Ljava/lang/Object; @ 91 c2
Event: 1.074 Thread 0x000002894747ac30 DEOPT PACKING pc=0x0000028930e98afc sp=0x000000b60adfdd50
Event: 1.074 Thread 0x000002894747ac30 DEOPT UNPACKING pc=0x00000289306e23a3 sp=0x000000b60adfdc08 mode 2
Event: 1.074 Thread 0x000002894747ac30 Uncommon trap: trap_request=0xffffffc6 fr.pc=0x0000028930e98afc relative=0x0000000000001a5c
Event: 1.074 Thread 0x000002894747ac30 Uncommon trap: reason=bimorphic_or_optimized_type_check action=maybe_recompile pc=0x0000028930e98afc method=java.util.HashMap.putVal(ILjava/lang/Object;Ljava/lang/Object;ZZ)Ljava/lang/Object; @ 91 c2
Event: 1.074 Thread 0x000002894747ac30 DEOPT PACKING pc=0x0000028930e98afc sp=0x000000b60adfdde0
Event: 1.075 Thread 0x000002894747ac30 DEOPT UNPACKING pc=0x00000289306e23a3 sp=0x000000b60adfdc98 mode 2

Classes unloaded (0 events):
No events

Classes redefined (0 events):
No events

Internal exceptions (20 events):
Event: 0.710 Thread 0x000002894747ac30 Exception <a 'java/lang/NoSuchMethodError'{0x000000070feec8a0}: 'void java.lang.invoke.DirectMethodHandle$Holder.invokeStatic(java.lang.Object, java.lang.Object)'> (0x000000070feec8a0) 
thrown [s\open\src\hotspot\share\interpreter\linkResolver.cpp, line 759]
Event: 0.711 Thread 0x000002894747ac30 Exception <a 'java/lang/NoSuchMethodError'{0x000000070fef00a0}: 'void java.lang.invoke.DirectMethodHandle$Holder.invokeStaticInit(java.lang.Object, java.lang.Object)'> (0x000000070fef00a0) 
thrown [s\open\src\hotspot\share\interpreter\linkResolver.cpp, line 759]
Event: 0.712 Thread 0x000002894747ac30 Exception <a 'java/lang/NoSuchMethodError'{0x000000070fefd1e0}: 'void java.lang.invoke.DirectMethodHandle$Holder.invokeStaticInit(java.lang.Object, java.lang.Object, java.lang.Object)'> (0x000000070fefd1e0) 
thrown [s\open\src\hotspot\share\interpreter\linkResolver.cpp, line 759]
Event: 0.718 Thread 0x000002894747ac30 Exception <a 'java/lang/NoSuchMethodError'{0x000000070ff3a2e8}: 'java.lang.Object java.lang.invoke.DirectMethodHandle$Holder.invokeStatic(java.lang.Object, java.lang.Object, long, java.lang.Object)'> (0x000000070ff3a2e8) 
thrown [s\open\src\hotspot\share\interpreter\linkResolver.cpp, line 759]
Event: 0.718 Thread 0x000002894747ac30 Exception <a 'java/lang/NoSuchMethodError'{0x000000070ff3dd80}: 'java.lang.Object java.lang.invoke.DirectMethodHandle$Holder.invokeStaticInit(java.lang.Object, java.lang.Object, long, java.lang.Object)'> (0x000000070ff3dd80) 
thrown [s\open\src\hotspot\share\interpreter\linkResolver.cpp, line 759]
Event: 0.718 Thread 0x000002894747ac30 Exception <a 'java/lang/NoSuchMethodError'{0x000000070ff444c8}: 'java.lang.Object java.lang.invoke.DirectMethodHandle$Holder.newInvokeSpecial(java.lang.Object, java.lang.Object, long)'> (0x000000070ff444c8) 
thrown [s\open\src\hotspot\share\interpreter\linkResolver.cpp, line 759]
Event: 0.719 Thread 0x000002894747ac30 Exception <a 'java/lang/NoSuchMethodError'{0x000000070ff48038}: 'java.lang.Object java.lang.invoke.Invokers$Holder.linkToTargetMethod(java.lang.Object, long, java.lang.Object)'> (0x000000070ff48038) 
thrown [s\open\src\hotspot\share\interpreter\linkResolver.cpp, line 759]
Event: 0.728 Thread 0x000002894747ac30 Exception <a 'java/lang/NoSuchMethodError'{0x000000070ff8e638}: 'void java.lang.invoke.DirectMethodHandle$Holder.invokeVirtual(java.lang.Object, java.lang.Object, java.lang.Object, java.lang.Object)'> (0x000000070ff8e638) 
thrown [s\open\src\hotspot\share\interpreter\linkResolver.cpp, line 759]
Event: 0.753 Thread 0x000002894747ac30 Exception <a 'java/lang/NoSuchMethodError'{0x000000070fce24e0}: 'void java.lang.invoke.DirectMethodHandle$Holder.invokeSpecial(java.lang.Object, java.lang.Object, java.lang.Object)'> (0x000000070fce24e0) 
thrown [s\open\src\hotspot\share\interpreter\linkResolver.cpp, line 759]
Event: 0.754 Thread 0x000002894747ac30 Exception <a 'java/lang/NoSuchMethodError'{0x000000070fce8ab8}: 'void java.lang.invoke.DirectMethodHandle$Holder.invokeSpecial(java.lang.Object, java.lang.Object, java.lang.Object, java.lang.Object, java.lang.Object)'> (0x000000070fce8ab8) 
thrown [s\open\src\hotspot\share\interpreter\linkResolver.cpp, line 759]
Event: 0.759 Thread 0x000002894747ac30 Exception <a 'java/lang/IncompatibleClassChangeError'{0x000000070fd3a520}: Found class java.lang.Object, but interface was expected> (0x000000070fd3a520) 
thrown [s\open\src\hotspot\share\interpreter\linkResolver.cpp, line 826]
Event: 0.759 Thread 0x000002894775f8f0 Exception <a 'java/lang/NoClassDefFoundError'{0x000000070fd2a970}: jakarta/validation/Validation> (0x000000070fd2a970) 
thrown [s\open\src\hotspot\share\classfile\systemDictionary.cpp, line 245]
Event: 1.013 Thread 0x000002894747ac30 Exception <a 'java/lang/NoSuchMethodError'{0x000000070fd90660}: 'int java.lang.invoke.DirectMethodHandle$Holder.invokeSpecial(java.lang.Object, java.lang.Object, java.lang.Object, java.lang.Object, java.lang.Object)'> (0x000000070fd90660) 
thrown [s\open\src\hotspot\share\interpreter\linkResolver.cpp, line 759]
Event: 1.017 Thread 0x000002894747ac30 Exception <a 'java/lang/NoSuchMethodError'{0x000000070fd99660}: 'void java.lang.invoke.DirectMethodHandle$Holder.invokeVirtual(java.lang.Object, java.lang.Object)'> (0x000000070fd99660) 
thrown [s\open\src\hotspot\share\interpreter\linkResolver.cpp, line 759]
Event: 1.021 Thread 0x000002894775f8f0 Exception <a 'java/lang/NoSuchMethodError'{0x000000070faaf6f8}: 'long java.lang.invoke.DirectMethodHandle$Holder.invokeSpecial(java.lang.Object, java.lang.Object)'> (0x000000070faaf6f8) 
thrown [s\open\src\hotspot\share\interpreter\linkResolver.cpp, line 759]
Event: 1.023 Thread 0x000002894775f8f0 Exception <a 'java/lang/NoSuchMethodError'{0x000000070fabab70}: 'long java.lang.invoke.DirectMethodHandle$Holder.invokeStatic(java.lang.Object, java.lang.Object)'> (0x000000070fabab70) 
thrown [s\open\src\hotspot\share\interpreter\linkResolver.cpp, line 759]
Event: 1.024 Thread 0x000002894775f8f0 Exception <a 'java/lang/NoSuchMethodError'{0x000000070fabe170}: 'long java.lang.invoke.DirectMethodHandle$Holder.invokeStaticInit(java.lang.Object, java.lang.Object)'> (0x000000070fabe170) 
thrown [s\open\src\hotspot\share\interpreter\linkResolver.cpp, line 759]
Event: 1.025 Thread 0x000002894775f8f0 Exception <a 'java/lang/NoSuchMethodError'{0x000000070facbd18}: 'long java.lang.invoke.DirectMethodHandle$Holder.invokeInterface(java.lang.Object, java.lang.Object)'> (0x000000070facbd18) 
thrown [s\open\src\hotspot\share\interpreter\linkResolver.cpp, line 759]
Event: 1.025 Thread 0x000002894775f8f0 Exception <a 'java/lang/IncompatibleClassChangeError'{0x000000070facf2a8}: Found class java.lang.Object, but interface was expected> (0x000000070facf2a8) 
thrown [s\open\src\hotspot\share\interpreter\linkResolver.cpp, line 826]
Event: 1.036 Thread 0x000002894775f8f0 Exception <a 'java/lang/NoSuchMethodError'{0x000000070fb441e8}: 'java.lang.Object java.lang.invoke.DirectMethodHandle$Holder.invokeVirtual(java.lang.Object, java.lang.Object, java.lang.Object, java.lang.Object)'> (0x000000070fb441e8) 
thrown [s\open\src\hotspot\share\interpreter\linkResolver.cpp, line 759]

VM Operations (20 events):
Event: 0.749 Executing VM operation: HandshakeAllThreads
Event: 0.749 Executing VM operation: HandshakeAllThreads done
Event: 0.751 Executing VM operation: HandshakeAllThreads
Event: 0.751 Executing VM operation: HandshakeAllThreads done
Event: 0.751 Executing VM operation: HandshakeAllThreads
Event: 0.751 Executing VM operation: HandshakeAllThreads done
Event: 0.754 Executing VM operation: ICBufferFull
Event: 0.754 Executing VM operation: ICBufferFull done
Event: 0.854 Executing VM operation: G1CollectForAllocation
Event: 0.854 Executing VM operation: G1CollectForAllocation done
Event: 0.854 Executing VM operation: G1CollectForAllocation
Event: 0.858 Executing VM operation: G1CollectForAllocation done
Event: 0.870 Executing VM operation: HandshakeAllThreads
Event: 0.870 Executing VM operation: HandshakeAllThreads done
Event: 0.936 Executing VM operation: HandshakeAllThreads
Event: 0.936 Executing VM operation: HandshakeAllThreads done
Event: 0.986 Executing VM operation: HandshakeAllThreads
Event: 0.986 Executing VM operation: HandshakeAllThreads done
Event: 0.998 Executing VM operation: HandshakeAllThreads
Event: 0.998 Executing VM operation: HandshakeAllThreads done

Events (20 events):
Event: 1.020 loading class java/util/stream/SortedOps$AbstractRefSortingSink
Event: 1.020 loading class java/util/stream/SortedOps$AbstractRefSortingSink done
Event: 1.020 loading class java/util/stream/SortedOps$RefSortingSink done
Event: 1.020 loading class sun/nio/fs/WindowsPath$WindowsPathWithAttributes
Event: 1.020 loading class sun/nio/fs/BasicFileAttributesHolder
Event: 1.020 loading class sun/nio/fs/BasicFileAttributesHolder done
Event: 1.020 loading class sun/nio/fs/WindowsPath$WindowsPathWithAttributes done
Event: 1.022 loading class java/util/regex/Pattern$LazyLoop
Event: 1.022 loading class java/util/regex/Pattern$Loop
Event: 1.022 loading class java/util/regex/Pattern$Loop done
Event: 1.022 loading class java/util/regex/Pattern$LazyLoop done
Event: 1.022 loading class java/util/regex/Pattern$Prolog
Event: 1.022 loading class java/util/regex/Pattern$Prolog done
Event: 1.039 Thread 0x000002894775f8f0 Thread exited: 0x000002894775f8f0
Event: 1.103 Thread 0x00000289478040c0 Thread added: 0x00000289478040c0
Event: 1.106 Thread 0x0000028947dddc60 Thread added: 0x0000028947dddc60
Event: 1.135 loading class javax/naming/ldap/LdapContext
Event: 1.135 loading class javax/naming/directory/DirContext
Event: 1.135 loading class javax/naming/directory/DirContext done
Event: 1.135 loading class javax/naming/ldap/LdapContext done


Dynamic libraries:
0x00007ff7c1700000 - 0x00007ff7c1710000 	C:\Program Files\Java\jdk-17\bin\javaw.exe
0x00007ffb9daf0000 - 0x00007ffb9dd04000 	C:\WINDOWS\SYSTEM32\ntdll.dll
0x00007ffb9c900000 - 0x00007ffb9c9c3000 	C:\WINDOWS\System32\KERNEL32.DLL
0x00007ffb9b4a0000 - 0x00007ffb9b83c000 	C:\WINDOWS\System32\KERNELBASE.dll
0x00007ffb9b380000 - 0x00007ffb9b491000 	C:\WINDOWS\System32\ucrtbase.dll
0x00007ffb96030000 - 0x00007ffb9604b000 	C:\Program Files\Java\jdk-17\bin\VCRUNTIME140.dll
0x00007ffb96050000 - 0x00007ffb96068000 	C:\Program Files\Java\jdk-17\bin\jli.dll
0x00007ffb9bad0000 - 0x00007ffb9bb7e000 	C:\WINDOWS\System32\ADVAPI32.dll
0x00007ffb9d970000 - 0x00007ffb9da17000 	C:\WINDOWS\System32\msvcrt.dll
0x00007ffb9c9d0000 - 0x00007ffb9ca74000 	C:\WINDOWS\System32\sechost.dll
0x00007ffb9c150000 - 0x00007ffb9c265000 	C:\WINDOWS\System32\RPCRT4.dll
0x00007ffb9d7c0000 - 0x00007ffb9d96d000 	C:\WINDOWS\System32\USER32.dll
0x00007ffb8cf10000 - 0x00007ffb8d19e000 	C:\WINDOWS\WinSxS\amd64_microsoft.windows.common-controls_6595b64144ccf1df_6.0.22621.608_none_a9444ca7c10bb01d\COMCTL32.dll
0x00007ffb9b240000 - 0x00007ffb9b266000 	C:\WINDOWS\System32\win32u.dll
0x00007ffb9cae0000 - 0x00007ffb9cb09000 	C:\WINDOWS\System32\GDI32.dll
0x00007ffb9afb0000 - 0x00007ffb9b0c3000 	C:\WINDOWS\System32\gdi32full.dll
0x00007ffb9b270000 - 0x00007ffb9b30a000 	C:\WINDOWS\System32\msvcp_win.dll
0x00007ffb91e00000 - 0x00007ffb91e0a000 	C:\WINDOWS\SYSTEM32\VERSION.dll
0x00007ffb9d780000 - 0x00007ffb9d7b1000 	C:\WINDOWS\System32\IMM32.DLL
0x00007ffb966d0000 - 0x00007ffb966dc000 	C:\Program Files\Java\jdk-17\bin\vcruntime140_1.dll
0x00007ffb841a0000 - 0x00007ffb8422e000 	C:\Program Files\Java\jdk-17\bin\msvcp140.dll
0x00007ffb3b020000 - 0x00007ffb3bbf7000 	C:\Program Files\Java\jdk-17\bin\server\jvm.dll
0x00007ffb9da20000 - 0x00007ffb9da28000 	C:\WINDOWS\System32\PSAPI.DLL
0x00007ffb82580000 - 0x00007ffb82589000 	C:\WINDOWS\SYSTEM32\WSOCK32.dll
0x00007ffb90110000 - 0x00007ffb90144000 	C:\WINDOWS\SYSTEM32\WINMM.dll
0x00007ffb9c0d0000 - 0x00007ffb9c141000 	C:\WINDOWS\System32\WS2_32.dll
0x00007ffb99f80000 - 0x00007ffb99f98000 	C:\WINDOWS\SYSTEM32\kernel.appcore.dll
0x00007ffb96670000 - 0x00007ffb9667a000 	C:\Program Files\Java\jdk-17\bin\jimage.dll
0x00007ffb8d840000 - 0x00007ffb8da6e000 	C:\WINDOWS\SYSTEM32\DBGHELP.DLL
0x00007ffb9bcf0000 - 0x00007ffb9c079000 	C:\WINDOWS\System32\combase.dll
0x00007ffb9d320000 - 0x00007ffb9d3f7000 	C:\WINDOWS\System32\OLEAUT32.dll
0x00007ffb8fce0000 - 0x00007ffb8fd12000 	C:\WINDOWS\SYSTEM32\dbgcore.DLL
0x00007ffb9af30000 - 0x00007ffb9afab000 	C:\WINDOWS\System32\bcryptPrimitives.dll
0x00007ffb957b0000 - 0x00007ffb957d5000 	C:\Program Files\Java\jdk-17\bin\java.dll
0x00007ffb840c0000 - 0x00007ffb84197000 	C:\Program Files\Java\jdk-17\bin\jsvml.dll
0x00007ffb9cb10000 - 0x00007ffb9d300000 	C:\WINDOWS\System32\SHELL32.dll
0x00007ffb98f40000 - 0x00007ffb9980e000 	C:\WINDOWS\SYSTEM32\windows.storage.dll
0x00007ffb98e00000 - 0x00007ffb98f3e000 	C:\WINDOWS\SYSTEM32\wintypes.dll
0x00007ffb9bbf0000 - 0x00007ffb9bce1000 	C:\WINDOWS\System32\SHCORE.dll
0x00007ffb9c6f0000 - 0x00007ffb9c74e000 	C:\WINDOWS\System32\shlwapi.dll
0x00007ffb9ae60000 - 0x00007ffb9ae81000 	C:\WINDOWS\SYSTEM32\profapi.dll
0x00007ffb900e0000 - 0x00007ffb900f9000 	C:\Program Files\Java\jdk-17\bin\net.dll
0x00007ffb948b0000 - 0x00007ffb949df000 	C:\WINDOWS\SYSTEM32\WINHTTP.dll
0x00007ffb9a460000 - 0x00007ffb9a4c9000 	C:\WINDOWS\system32\mswsock.dll
0x00007ffb87850000 - 0x00007ffb87866000 	C:\Program Files\Java\jdk-17\bin\nio.dll
0x00007ffb87830000 - 0x00007ffb87848000 	C:\Program Files\Java\jdk-17\bin\zip.dll
0x00007ffb877f0000 - 0x00007ffb877fa000 	C:\Program Files\Java\jdk-17\bin\management.dll
0x00007ffb84d70000 - 0x00007ffb84d7b000 	C:\Program Files\Java\jdk-17\bin\management_ext.dll
0x00007ffb842d0000 - 0x00007ffb842e0000 	C:\Program Files\Java\jdk-17\bin\verify.dll

dbghelp: loaded successfully - version: 4.0.5 - missing functions: none
symbol engine: initialized successfully - sym options: 0x614 - pdb path: .;C:\Program Files\Java\jdk-17\bin;C:\WINDOWS\SYSTEM32;C:\WINDOWS\WinSxS\amd64_microsoft.windows.common-controls_6595b64144ccf1df_6.0.22621.608_none_a9444ca7c10bb01d;C:\Program Files\Java\jdk-17\bin\server

VM Arguments:
jvm_args: -Dfile.encoding=UTF-8 -XX:+ShowCodeDetailsInExceptionMessages 
java_command: com.br.msu.MsuApiApplication
java_class_path (initial): C:\Users\Paulo\Desktop\projects git\msu-api\target\classes;C:\Users\Paulo\.m2\repository\org\springframework\boot\spring-boot-starter-data-jpa\3.0.5\spring-boot-starter-data-jpa-3.0.5.jar;C:\Users\Paulo\.m2\repository\org\springframework\boot\spring-boot-starter-aop\3.0.5\spring-boot-starter-aop-3.0.5.jar;C:\Users\Paulo\.m2\repository\org\springframework\spring-aop\6.0.7\spring-aop-6.0.7.jar;C:\Users\Paulo\.m2\repository\org\aspectj\aspectjweaver\1.9.19\aspectjweaver-1.9.19.jar;C:\Users\Paulo\.m2\repository\org\springframework\boot\spring-boot-starter-jdbc\3.0.5\spring-boot-starter-jdbc-3.0.5.jar;C:\Users\Paulo\.m2\repository\com\zaxxer\HikariCP\5.0.1\HikariCP-5.0.1.jar;C:\Users\Paulo\.m2\repository\org\springframework\spring-jdbc\6.0.7\spring-jdbc-6.0.7.jar;C:\Users\Paulo\.m2\repository\org\hibernate\orm\hibernate-core\6.1.7.Final\hibernate-core-6.1.7.Final.jar;C:\Users\Paulo\.m2\repository\jakarta\persistence\jakarta.persistence-api\3.1.0\jakarta.persistence-api-3.1.0.jar;C:\Users\Paulo\.m2\repository\jakarta\transaction\jakarta.transaction-api\2.0.1\jakarta.transaction-api-2.0.1.jar;C:\Users\Paulo\.m2\repository\org\jboss\logging\jboss-logging\3.5.0.Final\jboss-logging-3.5.0.Final.jar;C:\Users\Paulo\.m2\repository\org\hibernate\common\hibernate-commons-annotations\6.0.6.Final\hibernate-commons-annotations-6.0.6.Final.jar;C:\Users\Paulo\.m2\repository\org\jboss\jandex\2.4.2.Final\jandex-2.4.2.Final.jar;C:\Users\Paulo\.m2\repository\com\fasterxml\classmate\1.5.1\classmate-1.5.1.jar;C:\Users\Paulo\.m2\repository\net\bytebuddy\byte-buddy\1.12.23\byte-buddy-1.12.23.jar;C:\Users\Paulo\.m2\repository\org\glassfish\jaxb\jaxb-runtime\4.0.2\jaxb-runtime-4.0.2.jar;C:\Users\Paulo\.m2\repository\org\glassfish\jaxb\jaxb-core\4.0.2\jaxb-core-4.0.2.jar;C:\Users\Paulo\.m2\repository\org\eclipse\angus\angus-activation\2.0.0\angus-activation-2.0.0.jar;C:\Users\Paulo\.m2\repository\org\glassfish\jaxb\txw2\4.0.2\txw2-4.0.2.jar;C:\Users\Paulo\.m2\repositor
Launcher Type: SUN_STANDARD

[Global flags]
     intx CICompilerCount                          = 12                                        {product} {ergonomic}
     uint ConcGCThreads                            = 3                                         {product} {ergonomic}
     uint G1ConcRefinementThreads                  = 13                                        {product} {ergonomic}
   size_t G1HeapRegionSize                         = 2097152                                   {product} {ergonomic}
    uintx GCDrainStackTargetSize                   = 64                                        {product} {ergonomic}
   size_t InitialHeapSize                          = 268435456                                 {product} {ergonomic}
   size_t MarkStackSize                            = 4194304                                   {product} {ergonomic}
   size_t MaxHeapSize                              = 4282384384                                {product} {ergonomic}
   size_t MaxNewSize                               = 2569011200                                {product} {ergonomic}
   size_t MinHeapDeltaBytes                        = 2097152                                   {product} {ergonomic}
   size_t MinHeapSize                              = 8388608                                   {product} {ergonomic}
    uintx NonNMethodCodeHeapSize                   = 7602480                                {pd product} {ergonomic}
    uintx NonProfiledCodeHeapSize                  = 122027880                              {pd product} {ergonomic}
    uintx ProfiledCodeHeapSize                     = 122027880                              {pd product} {ergonomic}
    uintx ReservedCodeCacheSize                    = 251658240                              {pd product} {ergonomic}
     bool SegmentedCodeCache                       = true                                      {product} {ergonomic}
     bool ShowCodeDetailsInExceptionMessages       = true                                   {manageable} {command line}
   size_t SoftMaxHeapSize                          = 4282384384                             {manageable} {ergonomic}
     bool UseCompressedClassPointers               = true                           {product lp64_product} {ergonomic}
     bool UseCompressedOops                        = true                           {product lp64_product} {ergonomic}
     bool UseG1GC                                  = true                                      {product} {ergonomic}
     bool UseLargePagesIndividualAllocation        = false                                  {pd product} {ergonomic}

Logging:
Log output configuration:
 #0: stdout all=warning uptime,level,tags
 #1: stderr all=off uptime,level,tags

Environment Variables:
JAVA_HOME=C:\Program Files\Java\jdk-13.0.1
PATH=C:/Users/Paulo/.p2/pool/plugins/org.eclipse.justj.openjdk.hotspot.jre.full.win32.x86_64_15.0.2.v20210201-0955/jre/bin/server;C:/Users/Paulo/.p2/pool/plugins/org.eclipse.justj.openjdk.hotspot.jre.full.win32.x86_64_15.0.2.v20210201-0955/jre/bin;C:\Program Files\Common Files\Oracle\Java\javapath;C:\WINDOWS\system32;C:\WINDOWS;C:\WINDOWS\System32\Wbem;C:\WINDOWS\System32\WindowsPowerShell\v1.0\;C:\WINDOWS\System32\OpenSSH\;C:\Program Files\Java\jdk-13.0.1\bin;C:\Program Files\apache-maven-3.6.3\bin;C:\Program Files\Docker\Docker\resources\bin;C:\ProgramData\DockerDesktop\version-bin;C:\Program Files (x86)\dotnet\;C:\Program Files\nodejs\;C:\Program Files\Git\cmd;C:\Program Files (x86)\NVIDIA Corporation\PhysX\Common;C:\Program Files\MySQL\MySQL Shell 8.0\bin\;C:\Users\Paulo\AppData\Local\Microsoft\WindowsApps;;C:\Users\Paulo\AppData\Local\Programs\Microsoft VS Code\bin;C:\Program Files\JetBrains\IntelliJ IDEA Community Edition 2021.2.3\bin;;C:\Users\Paulo\AppData\Roaming\npm;C:\Users\Paulo\Desktop;
USERNAME=Paulo
OS=Windows_NT
PROCESSOR_IDENTIFIER=AMD64 Family 23 Model 8 Stepping 2, AuthenticAMD



---------------  S Y S T E M  ---------------

OS:
 Windows 11 , 64 bit Build 22621 (10.0.22621.1344)
OS uptime: 0 days 9:47 hours

CPU: total 16 (initial active 16) (16 cores per cpu, 2 threads per core) family 23 model 8 stepping 2 microcode 0x0, cx8, cmov, fxsr, ht, mmx, 3dnowpref, sse, sse2, sse3, ssse3, sse4a, sse4.1, sse4.2, popcnt, lzcnt, tsc, tscinvbit, avx, avx2, aes, clmul, bmi1, bmi2, adx, sha, fma, vzeroupper, clflush, clflushopt

Memory: 4k page, system-wide physical 16332M (7107M free)
TotalPageFile size 18316M (AvailPageFile size 5748M)
current process WorkingSet (physical memory assigned to process): 129M, peak: 131M
current process commit charge ("private bytes"): 408M, peak: 410M

vm_info: Java HotSpot(TM) 64-Bit Server VM (17.0.6+9-LTS-190) for windows-amd64 JRE (17.0.6+9-LTS-190), built on Dec  6 2022 15:53:54 by "mach5one" with MS VC++ 17.1 (VS2022)

END.
